790idf-sw1#term len 0
790idf-sw1#
790idf-sw1#show running-config
Cisco IOS Software, C3750E Software (C3750E-UNIVERSALK9-M), Version 12.2(55)SE10, RELEASE SOFTWARE (fc2)
Technical Support: http://www.cisco.com/techsupport
Copyright (c) 1986-2015 by Cisco Systems, Inc.
Compiled Wed 11-Feb-15 11:17 by prod_rel_team
Image text-base: 0x00003000, data-base: 0x02800000
snmp-server location Drive/DC100
System image file is "flash:c3750e-universalk9-mz.122-55.SE10.bin"
Switch Uptime                   : 1 year, 14 weeks, 6 days, 4 hours, 5 minutes
Motherboard assembly number     : 73-11705-13
Power supply part number        : 341-0266-03
Motherboard serial number       : FDO16090U7F
Power supply serial number      : DCA1602H3U3
Model revision number           : R0
Motherboard revision number     : A0
Model number                    : WS-C3750V2-48PS-S
System serial number            : FDO1609X1DC
Top assembly part number        : 800-31041-06
Top assembly revision number    : B0
Version ID                      : V08
CLEI Code Number                : COMP600ARC